0 info it worked if it ends with ok
1 verbose cli [ '/usr/bin/node', '/bin/npm', 'start' ]
2 info using npm@3.10.10
3 info using node@v6.10.2
4 verbose run-script [ 'prestart', 'start', 'poststart' ]
5 info lifecycle final-project-cs290-final-project-group-9@1.0.0~prestart: final-project-cs290-final-project-group-9@1.0.0
6 verbose lifecycle final-project-cs290-final-project-group-9@1.0.0~prestart: unsafe-perm in lifecycle true
7 verbose lifecycle final-project-cs290-final-project-group-9@1.0.0~prestart: PATH: /usr/lib/node_modules/npm/bin/node-gyp-bin:/nfs/stak/users/jamesap/cs290/final-project-cs290-final-project-group-9/node_modules/.bin:/usr/bin:/bin:/sbin:/usr/local/bin:/usr/bin:/usr/local/apps/bin:/nfs/stak/users/jamesap/bin:.
8 verbose lifecycle final-project-cs290-final-project-group-9@1.0.0~prestart: CWD: /nfs/stak/users/jamesap/cs290/final-project-cs290-final-project-group-9
9 silly lifecycle final-project-cs290-final-project-group-9@1.0.0~prestart: Args: [ '-c',
9 silly lifecycle   'npm run build1 && npm run build2 && npm run build3 && npm run build4 && npm run build5' ]
10 silly lifecycle final-project-cs290-final-project-group-9@1.0.0~prestart: Returned: code: 1  signal: null
11 info lifecycle final-project-cs290-final-project-group-9@1.0.0~prestart: Failed to exec prestart script
12 verbose stack Error: final-project-cs290-final-project-group-9@1.0.0 prestart: `npm run build1 && npm run build2 && npm run build3 && npm run build4 && npm run build5`
12 verbose stack Exit status 1
12 verbose stack     at EventEmitter.<anonymous> (/usr/lib/node_modules/npm/lib/utils/lifecycle.js:255:16)
12 verbose stack     at emitTwo (events.js:106:13)
12 verbose stack     at EventEmitter.emit (events.js:191:7)
12 verbose stack     at ChildProcess.<anonymous> (/usr/lib/node_modules/npm/lib/utils/spawn.js:40:14)
12 verbose stack     at emitTwo (events.js:106:13)
12 verbose stack     at ChildProcess.emit (events.js:191:7)
12 verbose stack     at maybeClose (internal/child_process.js:886:16)
12 verbose stack     at Process.ChildProcess._handle.onexit (internal/child_process.js:226:5)
13 verbose pkgid final-project-cs290-final-project-group-9@1.0.0
14 verbose cwd /nfs/stak/users/jamesap/cs290/final-project-cs290-final-project-group-9
15 error Linux 3.10.0-862.14.4.el7.x86_64
16 error argv "/usr/bin/node" "/bin/npm" "start"
17 error node v6.10.2
18 error npm  v3.10.10
19 error code ELIFECYCLE
20 error final-project-cs290-final-project-group-9@1.0.0 prestart: `npm run build1 && npm run build2 && npm run build3 && npm run build4 && npm run build5`
20 error Exit status 1
21 error Failed at the final-project-cs290-final-project-group-9@1.0.0 prestart script 'npm run build1 && npm run build2 && npm run build3 && npm run build4 && npm run build5'.
21 error Make sure you have the latest version of node.js and npm installed.
21 error If you do, this is most likely a problem with the final-project-cs290-final-project-group-9 package,
21 error not with npm itself.
21 error Tell the author that this fails on your system:
21 error     npm run build1 && npm run build2 && npm run build3 && npm run build4 && npm run build5
21 error You can get information on how to open an issue for this project with:
21 error     npm bugs final-project-cs290-final-project-group-9
21 error Or if that isn't available, you can get their info via:
21 error     npm owner ls final-project-cs290-final-project-group-9
21 error There is likely additional logging output above.
22 verbose exit [ 1, true ]
